<?xml version="1.0" encoding="UTF-8"?>
<!-- Generated by org.testng.reporters.JUnitReportReporter -->
<testsuite skipped="0" hostname="SSundreshs-macbook-pro.local" name="com.test.task.QETestTask.AddCustomerTest" tests="2" failures="0" timestamp="13 Jun 2018 21:57:16 GMT" time="7.041" errors="0">
  <testcase name="addNewCustomer" time="4.258" classname="com.test.task.QETestTask.AddCustomerTest"/>
  <testcase name="addExistingCustomer" time="2.783" classname="com.test.task.QETestTask.AddCustomerTest"/>
</testsuite> <!-- com.test.task.QETestTask.AddCustomerTest -->
